app/build/intermediates/manifest_merge_blame_file/debug/manifest-merger-blame-debug-report.txt
1<?xml version="1.0" encoding="utf-8"?>
2<manifest xmlns:android="http://schemas.android.com/apk/res/android"
3    package="com.shivansh.coffeeapp"
4    android:versionCode="1"
5    android:versionName="1.0" >
6
7    <uses-sdk
8        android:minSdkVersion="23"
8-->src\main\AndroidManifest.xml
9        android:targetSdkVersion="29" />
9-->src\main\AndroidManifest.xml
10
11    <uses-permission android:name="android.permission.INTERNET" />
11-->src\main\AndroidManifest.xml:6:5-67
11-->src\main\AndroidManifest.xml:6:22-64
12    <uses-permission android:name="android.permission.ACCESS_NETWORK_STATE" />
12-->[com.google.firebase:firebase-database:16.0.4] AndroidManifest.xml:22:5-79
12-->[com.google.firebase:firebase-database:16.0.4] AndroidManifest.xml:22:22-76
13    <uses-permission android:name="android.permission.WAKE_LOCK" />
13-->[com.google.firebase:firebase-measurement-connector-impl:17.0.2] AndroidManifest.xml:24:5-68
13-->[com.google.firebase:firebase-measurement-connector-impl:17.0.2] AndroidManifest.xml:24:22-65
14    <uses-permission android:name="com.google.android.finsky.permission.BIND_GET_INSTALL_REFERRER_SERVICE" /> <!-- Required by older versions of Google Play services to create IID tokens -->
14-->[com.google.firebase:firebase-analytics:16.0.4] AndroidManifest.xml:26:5-110
14-->[com.google.firebase:firebase-analytics:16.0.4] AndroidManifest.xml:26:22-107
15    <uses-permission android:name="com.google.android.c2dm.permission.RECEIVE" />
15-->[com.google.firebase:firebase-iid:17.0.3] AndroidManifest.xml:26:5-82
15-->[com.google.firebase:firebase-iid:17.0.3] AndroidManifest.xml:26:22-79
16
17    <application
17-->src\main\AndroidManifest.xml:8:5-26:19
18        android:allowBackup="true"
18-->src\main\AndroidManifest.xml:9:9-35
19        android:appComponentFactory="androidx.core.app.CoreComponentFactory"
19-->[androidx.core:core:1.1.0] AndroidManifest.xml:24:18-86
20        android:debuggable="true"
21        android:icon="@mipmap/ic_launcher"
21-->src\main\AndroidManifest.xml:10:9-43
22        android:label="@string/app_name"
22-->src\main\AndroidManifest.xml:11:9-41
23        android:roundIcon="@mipmap/ic_launcher_round"
23-->src\main\AndroidManifest.xml:12:9-54
24        android:supportsRtl="true"
24-->src\main\AndroidManifest.xml:13:9-35
25        android:theme="@style/AppTheme" >
25-->src\main\AndroidManifest.xml:14:9-40
26        <activity android:name="com.shivansh.coffeeapp.OrderDetails" />
26-->src\main\AndroidManifest.xml:16:9-59
26-->src\main\AndroidManifest.xml:16:19-47
27        <activity android:name="com.shivansh.coffeeapp.NewOrder" />
27-->src\main\AndroidManifest.xml:17:9-46
27-->src\main\AndroidManifest.xml:17:19-43
28        <activity android:name="com.shivansh.coffeeapp.DashBoard" />
28-->src\main\AndroidManifest.xml:18:9-47
28-->src\main\AndroidManifest.xml:18:19-44
29        <activity android:name="com.shivansh.coffeeapp.MainActivity" >
29-->src\main\AndroidManifest.xml:19:9-25:20
29-->src\main\AndroidManifest.xml:19:19-47
30            <intent-filter>
30-->src\main\AndroidManifest.xml:20:13-24:29
31                <action android:name="android.intent.action.MAIN" />
31-->src\main\AndroidManifest.xml:21:17-69
31-->src\main\AndroidManifest.xml:21:25-66
32
33                <category android:name="android.intent.category.LAUNCHER" />
33-->src\main\AndroidManifest.xml:23:17-77
33-->src\main\AndroidManifest.xml:23:27-74
34            </intent-filter>
35        </activity>
36
37        <service
37-->[com.google.firebase:firebase-measurement-connector-impl:17.0.2] AndroidManifest.xml:27:9-31:19
38            android:name="com.google.firebase.components.ComponentDiscoveryService"
38-->[com.google.firebase:firebase-measurement-connector-impl:17.0.2] AndroidManifest.xml:27:18-89
39            android:exported="false" >
39-->[com.google.firebase:firebase-iid:17.0.3] AndroidManifest.xml:31:13-37
40            <meta-data
40-->[com.google.firebase:firebase-measurement-connector-impl:17.0.2] AndroidManifest.xml:28:13-30:85
41                android:name="com.google.firebase.components:com.google.firebase.analytics.connector.internal.AnalyticsConnectorRegistrar"
41-->[com.google.firebase:firebase-measurement-connector-impl:17.0.2] AndroidManifest.xml:29:17-139
42                android:value="com.google.firebase.components.ComponentRegistrar" />
42-->[com.google.firebase:firebase-measurement-connector-impl:17.0.2] AndroidManifest.xml:30:17-82
43            <meta-data
43-->[com.google.firebase:firebase-iid:17.0.3] AndroidManifest.xml:32:13-34:85
44                android:name="com.google.firebase.components:com.google.firebase.iid.Registrar"
44-->[com.google.firebase:firebase-iid:17.0.3] AndroidManifest.xml:33:17-96
45                android:value="com.google.firebase.components.ComponentRegistrar" />
45-->[com.google.firebase:firebase-iid:17.0.3] AndroidManifest.xml:34:17-82
46        </service>
47
48        <receiver
48-->[com.google.firebase:firebase-analytics:16.0.4] AndroidManifest.xml:29:9-33:20
49            android:name="com.google.android.gms.measurement.AppMeasurementReceiver"
49-->[com.google.firebase:firebase-analytics:16.0.4] AndroidManifest.xml:30:13-85
50            android:enabled="true"
50-->[com.google.firebase:firebase-analytics:16.0.4] AndroidManifest.xml:31:13-35
51            android:exported="false" >
51-->[com.google.firebase:firebase-analytics:16.0.4] AndroidManifest.xml:32:13-37
52        </receiver>
53        <receiver
53-->[com.google.firebase:firebase-analytics:16.0.4] AndroidManifest.xml:34:9-42:20
54            android:name="com.google.android.gms.measurement.AppMeasurementInstallReferrerReceiver"
54-->[com.google.firebase:firebase-analytics:16.0.4] AndroidManifest.xml:35:13-100
55            android:enabled="true"
55-->[com.google.firebase:firebase-analytics:16.0.4] AndroidManifest.xml:36:13-35
56            android:exported="true"
56-->[com.google.firebase:firebase-analytics:16.0.4] AndroidManifest.xml:37:13-36
57            android:permission="android.permission.INSTALL_PACKAGES" >
57-->[com.google.firebase:firebase-analytics:16.0.4] AndroidManifest.xml:38:13-69
58            <intent-filter>
58-->[com.google.firebase:firebase-analytics:16.0.4] AndroidManifest.xml:39:13-41:29
59                <action android:name="com.android.vending.INSTALL_REFERRER" />
59-->[com.google.firebase:firebase-analytics:16.0.4] AndroidManifest.xml:40:17-79
59-->[com.google.firebase:firebase-analytics:16.0.4] AndroidManifest.xml:40:25-76
60            </intent-filter>
61        </receiver>
62
63        <service
63-->[com.google.firebase:firebase-analytics:16.0.4] AndroidManifest.xml:44:9-47:40
64            android:name="com.google.android.gms.measurement.AppMeasurementService"
64-->[com.google.firebase:firebase-analytics:16.0.4] AndroidManifest.xml:45:13-84
65            android:enabled="true"
65-->[com.google.firebase:firebase-analytics:16.0.4] AndroidManifest.xml:46:13-35
66            android:exported="false" />
66-->[com.google.firebase:firebase-analytics:16.0.4] AndroidManifest.xml:47:13-37
67        <service
67-->[com.google.firebase:firebase-analytics:16.0.4] AndroidManifest.xml:48:9-52:72
68            android:name="com.google.android.gms.measurement.AppMeasurementJobService"
68-->[com.google.firebase:firebase-analytics:16.0.4] AndroidManifest.xml:49:13-87
69            android:enabled="true"
69-->[com.google.firebase:firebase-analytics:16.0.4] AndroidManifest.xml:50:13-35
70            android:exported="false"
70-->[com.google.firebase:firebase-analytics:16.0.4] AndroidManifest.xml:51:13-37
71            android:permission="android.permission.BIND_JOB_SERVICE" />
71-->[com.google.firebase:firebase-analytics:16.0.4] AndroidManifest.xml:52:13-69
72
73        <receiver
73-->[com.google.firebase:firebase-iid:17.0.3] AndroidManifest.xml:37:9-44:20
74            android:name="com.google.firebase.iid.FirebaseInstanceIdReceiver"
74-->[com.google.firebase:firebase-iid:17.0.3] AndroidManifest.xml:38:13-78
75            android:exported="true"
75-->[com.google.firebase:firebase-iid:17.0.3] AndroidManifest.xml:39:13-36
76            android:permission="com.google.android.c2dm.permission.SEND" >
76-->[com.google.firebase:firebase-iid:17.0.3] AndroidManifest.xml:40:13-73
77            <intent-filter>
77-->[com.google.firebase:firebase-iid:17.0.3] AndroidManifest.xml:41:13-43:29
78                <action android:name="com.google.android.c2dm.intent.RECEIVE" />
78-->[com.google.firebase:firebase-iid:17.0.3] AndroidManifest.xml:42:17-81
78-->[com.google.firebase:firebase-iid:17.0.3] AndroidManifest.xml:42:25-78
79            </intent-filter>
80        </receiver>
81        <!--
82             FirebaseInstanceIdService performs security checks at runtime,
83             no need for explicit permissions despite exported="true"
84        -->
85        <service
85-->[com.google.firebase:firebase-iid:17.0.3] AndroidManifest.xml:50:9-56:19
86            android:name="com.google.firebase.iid.FirebaseInstanceIdService"
86-->[com.google.firebase:firebase-iid:17.0.3] AndroidManifest.xml:51:13-77
87            android:exported="true" >
87-->[com.google.firebase:firebase-iid:17.0.3] AndroidManifest.xml:52:13-36
88            <intent-filter android:priority="-500" >
88-->[com.google.firebase:firebase-iid:17.0.3] AndroidManifest.xml:53:13-55:29
88-->[com.google.firebase:firebase-iid:17.0.3] AndroidManifest.xml:53:28-51
89                <action android:name="com.google.firebase.INSTANCE_ID_EVENT" />
89-->[com.google.firebase:firebase-iid:17.0.3] AndroidManifest.xml:54:17-80
89-->[com.google.firebase:firebase-iid:17.0.3] AndroidManifest.xml:54:25-77
90            </intent-filter>
91        </service>
92
93        <activity
93-->[com.google.android.gms:play-services-base:16.0.1] AndroidManifest.xml:23:9-26:75
94            android:name="com.google.android.gms.common.api.GoogleApiActivity"
94-->[com.google.android.gms:play-services-base:16.0.1] AndroidManifest.xml:24:13-79
95            android:exported="false"
95-->[com.google.android.gms:play-services-base:16.0.1] AndroidManifest.xml:25:13-37
96            android:theme="@android:style/Theme.Translucent.NoTitleBar" />
96-->[com.google.android.gms:play-services-base:16.0.1] AndroidManifest.xml:26:13-72
97
98        <provider
98-->[com.google.firebase:firebase-common:16.0.3] AndroidManifest.xml:10:9-14:39
99            android:name="com.google.firebase.provider.FirebaseInitProvider"
99-->[com.google.firebase:firebase-common:16.0.3] AndroidManifest.xml:11:13-77
100            android:authorities="com.shivansh.coffeeapp.firebaseinitprovider"
100-->[com.google.firebase:firebase-common:16.0.3] AndroidManifest.xml:12:13-72
101            android:exported="false"
101-->[com.google.firebase:firebase-common:16.0.3] AndroidManifest.xml:13:13-37
102            android:initOrder="100" />
102-->[com.google.firebase:firebase-common:16.0.3] AndroidManifest.xml:14:13-36
103
104        <meta-data
104-->[com.google.android.gms:play-services-basement:16.0.1] AndroidManifest.xml:23:9-25:69
105            android:name="com.google.android.gms.version"
105-->[com.google.android.gms:play-services-basement:16.0.1] AndroidManifest.xml:24:13-58
106            android:value="@integer/google_play_services_version" />
106-->[com.google.android.gms:play-services-basement:16.0.1] AndroidManifest.xml:25:13-66
107    </application>
108
109</manifest>